open source     > level 1, order 1, name '/nix/store/3ykx141nzk0pwpnsqjyj52wzjwrphvlj-texlive-combined-2022-texmf/tex/context/base/mkiv/cont-yes.mkiv'
system          > 
system          > ConTeXt  ver: 2021.03.05 19:11 MKIV  fmt: 2023.4.7  int: english/english
system          > 
system          > 'cont-new.mkiv' loaded
open source     > level 2, order 2, name '/nix/store/3ykx141nzk0pwpnsqjyj52wzjwrphvlj-texlive-combined-2022-texmf/tex/context/base/mkiv/cont-new.mkiv'
system          > beware: some patches loaded from cont-new.mkiv
close source    > level 2, order 2, name '/nix/store/3ykx141nzk0pwpnsqjyj52wzjwrphvlj-texlive-combined-2022-texmf/tex/context/base/mkiv/cont-new.mkiv'
system          > files > jobname 'resume', input './resume.cld', result 'resume'
fonts           > latin modern fonts are not preloaded
languages       > language 'en' is active
system          > processing as cld: ./resume.cld
cld             > tex > file '/build/source/build/resume.cld' is processed and returns nothing
fonts           > typescripts > unknown library 'resumefont'
fonts           > preloading modern-designsize (math)
fonts           > typescripts > unknown library 'modern-designsize'
fonts           > 'fallback modern-designsize mm 10pt' is loaded
fonts           > preloading modern-designsize (mono)
fonts           > 'fallback modern-designsize tt 10pt' is loaded
fonts           > defining > font 'OpenSans-Regular', feature 'locl', script 'latn', no language 'dflt'
colors          > 'rgb' color space is supported
colors          > 'cmyk' color space is supported
open source     > level 2, order 3, name 'overlay.tex'
close source    > level 2, order 3, name 'overlay.tex'
fonts           > defining > font 'OpenSans-Regular', feature 'locl', script 'latn', no language 'dflt'
fonts           > bodyfont '45pt' is defined (can better be done global)
fonts           > bodyfont '54pt' is defined (can better be done global)
fonts           > bodyfont '36pt' is defined (can better be done global)
fonts           > defining > font 'OpenSans-Regular', feature 'locl', script 'latn', no language 'dflt'
fonts           > defining > font 'OpenSans-Regular', feature 'locl', script 'latn', no language 'dflt'
fonts           > defining > font 'OpenSans-Regular', feature 'locl', script 'latn', no language 'dflt'
fonts           > defining > font 'OpenSans-Regular', feature 'locl', script 'latn', no language 'dflt'
fonts           > defining > font 'OpenSans-Italic', feature 'locl', script 'latn', no language 'dflt'
metapost        > initializing instance 'metafun:1' using format 'metafun' and method 'default'
metapost        > loading 'metafun' as '/nix/store/3ykx141nzk0pwpnsqjyj52wzjwrphvlj-texlive-combined-2022-texmf/metapost/context/base/mpiv/metafun.mpiv' using method 'default'
metapost        > initializing number mode 'scaled'
backend         > xmp > using file '/nix/store/3ykx141nzk0pwpnsqjyj52wzjwrphvlj-texlive-combined-2022-texmf/tex/context/base/mkiv/lpdf-pdx.xml'
pages           > flushing realpage 1, userpage 1, subpage 1
close source    > level 1, order 3, name '/nix/store/3ykx141nzk0pwpnsqjyj52wzjwrphvlj-texlive-combined-2022-texmf/tex/context/base/mkiv/cont-yes.mkiv'

system          > start used files

system          > text: resume

system          > stop used files


system          > start used files

system          >    1: filename=char-prv.lua filetype=tex format=tex foundname=/nix/store/3ykx141nzk0pwpnsqjyj52wzjwrphvlj-texlive-combined-2022-texmf/tex/context/base/mkiv/char-prv.lua fullname=/nix/store/3ykx141nzk0pwpnsqjyj52wzjwrphvlj-texlive-combined-2022-texmf/tex/context/base/mkiv/char-prv.lua usedmethod=database
system          >    2: filename=cont-yes.mkiv filetype=tex foundname=/nix/store/3ykx141nzk0pwpnsqjyj52wzjwrphvlj-texlive-combined-2022-texmf/tex/context/base/mkiv/cont-yes.mkiv fullname=/nix/store/3ykx141nzk0pwpnsqjyj52wzjwrphvlj-texlive-combined-2022-texmf/tex/context/base/mkiv/cont-yes.mkiv usedmethod=database
system          >    3: filename=publ-imp-default.lua filetype=scripts foundname=/nix/store/3ykx141nzk0pwpnsqjyj52wzjwrphvlj-texlive-combined-2022-texmf/tex/context/base/mkiv/publ-imp-default.lua fullname=/nix/store/3ykx141nzk0pwpnsqjyj52wzjwrphvlj-texlive-combined-2022-texmf/tex/context/base/mkiv/publ-imp-default.lua usedmethod=database
system          >    4: filename=cont-new.mkiv filetype=tex foundname=/nix/store/3ykx141nzk0pwpnsqjyj52wzjwrphvlj-texlive-combined-2022-texmf/tex/context/base/mkiv/cont-new.mkiv fullname=/nix/store/3ykx141nzk0pwpnsqjyj52wzjwrphvlj-texlive-combined-2022-texmf/tex/context/base/mkiv/cont-new.mkiv usedmethod=database
system          >    5: filename=lang-exc.lua filetype=scripts foundname=/nix/store/3ykx141nzk0pwpnsqjyj52wzjwrphvlj-texlive-combined-2022-texmf/tex/context/base/mkiv/lang-exc.lua fullname=/nix/store/3ykx141nzk0pwpnsqjyj52wzjwrphvlj-texlive-combined-2022-texmf/tex/context/base/mkiv/lang-exc.lua usedmethod=database
system          >    6: filename=lang-us.lua filetype=scripts foundname=/nix/store/3ykx141nzk0pwpnsqjyj52wzjwrphvlj-texlive-combined-2022-texmf/tex/context/patterns/mkiv/lang-us.lua fullname=/nix/store/3ykx141nzk0pwpnsqjyj52wzjwrphvlj-texlive-combined-2022-texmf/tex/context/patterns/mkiv/lang-us.lua usedmethod=database
system          >    7: filename=/build/source/build/resume.cld foundname=/build/source/build/resume.cld fullname=/build/source/build/resume.cld usedmethod=direct
system          >    8: filename=/nix/store/y4mmk5bhmrdsv8bs0ir4ag5jzsa6gci0-open-sans-1.11/share/fonts/truetype/OpenSans-Regular.ttf format=ttf foundname=/nix/store/y4mmk5bhmrdsv8bs0ir4ag5jzsa6gci0-open-sans-1.11/share/fonts/truetype/OpenSans-Regular.ttf fullname=/nix/store/y4mmk5bhmrdsv8bs0ir4ag5jzsa6gci0-open-sans-1.11/share/fonts/truetype/OpenSans-Regular.ttf usedmethod=direct
system          >    9: filename=overlay.tex foundname=overlay.tex fullname=/build/source/build/overlay.tex usedmethod=direct
system          >   10: filename=/nix/store/6vl37iv2slkfqa9nmjasgqcpwcrmnb1r-paratype-pt-serif-2.005/share/fonts/truetype/PTF75F.ttf format=ttf foundname=/nix/store/6vl37iv2slkfqa9nmjasgqcpwcrmnb1r-paratype-pt-serif-2.005/share/fonts/truetype/PTF75F.ttf fullname=/nix/store/6vl37iv2slkfqa9nmjasgqcpwcrmnb1r-paratype-pt-serif-2.005/share/fonts/truetype/PTF75F.ttf usedmethod=direct
system          >   11: filename=/nix/store/97hf00r71c5wjlpa2msc91x13bmvmjbx-material-icons-3.0.1/share/fonts/truetype/MaterialIcons-Regular.ttf format=ttf foundname=/nix/store/97hf00r71c5wjlpa2msc91x13bmvmjbx-material-icons-3.0.1/share/fonts/truetype/MaterialIcons-Regular.ttf fullname=/nix/store/97hf00r71c5wjlpa2msc91x13bmvmjbx-material-icons-3.0.1/share/fonts/truetype/MaterialIcons-Regular.ttf usedmethod=direct
system          >   12: filename=/nix/store/y4mmk5bhmrdsv8bs0ir4ag5jzsa6gci0-open-sans-1.11/share/fonts/truetype/OpenSans-Italic.ttf format=ttf foundname=/nix/store/y4mmk5bhmrdsv8bs0ir4ag5jzsa6gci0-open-sans-1.11/share/fonts/truetype/OpenSans-Italic.ttf fullname=/nix/store/y4mmk5bhmrdsv8bs0ir4ag5jzsa6gci0-open-sans-1.11/share/fonts/truetype/OpenSans-Italic.ttf usedmethod=direct
system          >   13: filename=metafun.mpiv filetype=mp foundname=/nix/store/3ykx141nzk0pwpnsqjyj52wzjwrphvlj-texlive-combined-2022-texmf/metapost/context/base/mpiv/metafun.mpiv fullname=/nix/store/3ykx141nzk0pwpnsqjyj52wzjwrphvlj-texlive-combined-2022-texmf/metapost/context/base/mpiv/metafun.mpiv usedmethod=database
system          >   14: filename=mp-base.mpiv filetype=mp format=mp foundname=/nix/store/3ykx141nzk0pwpnsqjyj52wzjwrphvlj-texlive-combined-2022-texmf/metapost/context/base/mpiv/mp-base.mpiv fullname=/nix/store/3ykx141nzk0pwpnsqjyj52wzjwrphvlj-texlive-combined-2022-texmf/metapost/context/base/mpiv/mp-base.mpiv usedmethod=database
system          >   15: filename=mp-tool.mpiv filetype=mp format=mp foundname=/nix/store/3ykx141nzk0pwpnsqjyj52wzjwrphvlj-texlive-combined-2022-texmf/metapost/context/base/mpiv/mp-tool.mpiv fullname=/nix/store/3ykx141nzk0pwpnsqjyj52wzjwrphvlj-texlive-combined-2022-texmf/metapost/context/base/mpiv/mp-tool.mpiv usedmethod=database
system          >   16: filename=mp-mlib.mpiv filetype=mp format=mp foundname=/nix/store/3ykx141nzk0pwpnsqjyj52wzjwrphvlj-texlive-combined-2022-texmf/metapost/context/base/mpiv/mp-mlib.mpiv fullname=/nix/store/3ykx141nzk0pwpnsqjyj52wzjwrphvlj-texlive-combined-2022-texmf/metapost/context/base/mpiv/mp-mlib.mpiv usedmethod=database
system          >   17: filename=mp-luas.mpiv filetype=mp format=mp foundname=/nix/store/3ykx141nzk0pwpnsqjyj52wzjwrphvlj-texlive-combined-2022-texmf/metapost/context/base/mpiv/mp-luas.mpiv fullname=/nix/store/3ykx141nzk0pwpnsqjyj52wzjwrphvlj-texlive-combined-2022-texmf/metapost/context/base/mpiv/mp-luas.mpiv usedmethod=database
system          >   18: filename=mp-cont.mpiv filetype=mp format=mp foundname=/nix/store/3ykx141nzk0pwpnsqjyj52wzjwrphvlj-texlive-combined-2022-texmf/metapost/context/base/mpiv/mp-cont.mpiv fullname=/nix/store/3ykx141nzk0pwpnsqjyj52wzjwrphvlj-texlive-combined-2022-texmf/metapost/context/base/mpiv/mp-cont.mpiv usedmethod=database
system          >   19: filename=mp-page.mpiv filetype=mp format=mp foundname=/nix/store/3ykx141nzk0pwpnsqjyj52wzjwrphvlj-texlive-combined-2022-texmf/metapost/context/base/mpiv/mp-page.mpiv fullname=/nix/store/3ykx141nzk0pwpnsqjyj52wzjwrphvlj-texlive-combined-2022-texmf/metapost/context/base/mpiv/mp-page.mpiv usedmethod=database
system          >   20: filename=mp-butt.mpiv filetype=mp format=mp foundname=/nix/store/3ykx141nzk0pwpnsqjyj52wzjwrphvlj-texlive-combined-2022-texmf/metapost/context/base/mpiv/mp-butt.mpiv fullname=/nix/store/3ykx141nzk0pwpnsqjyj52wzjwrphvlj-texlive-combined-2022-texmf/metapost/context/base/mpiv/mp-butt.mpiv usedmethod=database
system          >   21: filename=mp-shap.mpiv filetype=mp format=mp foundname=/nix/store/3ykx141nzk0pwpnsqjyj52wzjwrphvlj-texlive-combined-2022-texmf/metapost/context/base/mpiv/mp-shap.mpiv fullname=/nix/store/3ykx141nzk0pwpnsqjyj52wzjwrphvlj-texlive-combined-2022-texmf/metapost/context/base/mpiv/mp-shap.mpiv usedmethod=database
system          >   22: filename=mp-grph.mpiv filetype=mp format=mp foundname=/nix/store/3ykx141nzk0pwpnsqjyj52wzjwrphvlj-texlive-combined-2022-texmf/metapost/context/base/mpiv/mp-grph.mpiv fullname=/nix/store/3ykx141nzk0pwpnsqjyj52wzjwrphvlj-texlive-combined-2022-texmf/metapost/context/base/mpiv/mp-grph.mpiv usedmethod=database
system          >   23: filename=mp-grid.mpiv filetype=mp format=mp foundname=/nix/store/3ykx141nzk0pwpnsqjyj52wzjwrphvlj-texlive-combined-2022-texmf/metapost/context/base/mpiv/mp-grid.mpiv fullname=/nix/store/3ykx141nzk0pwpnsqjyj52wzjwrphvlj-texlive-combined-2022-texmf/metapost/context/base/mpiv/mp-grid.mpiv usedmethod=database
system          >   24: filename=mp-form.mpiv filetype=mp format=mp foundname=/nix/store/3ykx141nzk0pwpnsqjyj52wzjwrphvlj-texlive-combined-2022-texmf/metapost/context/base/mpiv/mp-form.mpiv fullname=/nix/store/3ykx141nzk0pwpnsqjyj52wzjwrphvlj-texlive-combined-2022-texmf/metapost/context/base/mpiv/mp-form.mpiv usedmethod=database
system          >   25: filename=mp-figs.mpiv filetype=mp format=mp foundname=/nix/store/3ykx141nzk0pwpnsqjyj52wzjwrphvlj-texlive-combined-2022-texmf/metapost/context/base/mpiv/mp-figs.mpiv fullname=/nix/store/3ykx141nzk0pwpnsqjyj52wzjwrphvlj-texlive-combined-2022-texmf/metapost/context/base/mpiv/mp-figs.mpiv usedmethod=database
system          >   26: filename=mp-func.mpiv filetype=mp format=mp foundname=/nix/store/3ykx141nzk0pwpnsqjyj52wzjwrphvlj-texlive-combined-2022-texmf/metapost/context/base/mpiv/mp-func.mpiv fullname=/nix/store/3ykx141nzk0pwpnsqjyj52wzjwrphvlj-texlive-combined-2022-texmf/metapost/context/base/mpiv/mp-func.mpiv usedmethod=database
system          >   27: filename=mp-node.mpiv filetype=mp format=mp foundname=/nix/store/3ykx141nzk0pwpnsqjyj52wzjwrphvlj-texlive-combined-2022-texmf/metapost/context/base/mpiv/mp-node.mpiv fullname=/nix/store/3ykx141nzk0pwpnsqjyj52wzjwrphvlj-texlive-combined-2022-texmf/metapost/context/base/mpiv/mp-node.mpiv usedmethod=database
system          >   28: filename=mp-apos.mpiv filetype=mp format=mp foundname=/nix/store/3ykx141nzk0pwpnsqjyj52wzjwrphvlj-texlive-combined-2022-texmf/metapost/context/base/mpiv/mp-apos.mpiv fullname=/nix/store/3ykx141nzk0pwpnsqjyj52wzjwrphvlj-texlive-combined-2022-texmf/metapost/context/base/mpiv/mp-apos.mpiv usedmethod=database
system          >   29: filename=mp-abck.mpiv filetype=mp format=mp foundname=/nix/store/3ykx141nzk0pwpnsqjyj52wzjwrphvlj-texlive-combined-2022-texmf/metapost/context/base/mpiv/mp-abck.mpiv fullname=/nix/store/3ykx141nzk0pwpnsqjyj52wzjwrphvlj-texlive-combined-2022-texmf/metapost/context/base/mpiv/mp-abck.mpiv usedmethod=database
system          >   30: filename=mp-blob.mpiv filetype=mp format=mp foundname=/nix/store/3ykx141nzk0pwpnsqjyj52wzjwrphvlj-texlive-combined-2022-texmf/metapost/context/base/mpiv/mp-blob.mpiv fullname=/nix/store/3ykx141nzk0pwpnsqjyj52wzjwrphvlj-texlive-combined-2022-texmf/metapost/context/base/mpiv/mp-blob.mpiv usedmethod=database
system          >   31: filename=pdftex.map filetype=map format=map foundname=/nix/store/bfvdvjgb6i828pmy9aylpjvy6qxnv9h6-texlive-combined-2022/share/texmf-var/fonts/map/pdftex/updmap/pdftex.map fullname=/nix/store/bfvdvjgb6i828pmy9aylpjvy6qxnv9h6-texlive-combined-2022/share/texmf-var/fonts/map/pdftex/updmap/pdftex.map usedmethod=database
system          >   32: filename=lpdf-pdx.xml filetype=tex foundname=/nix/store/3ykx141nzk0pwpnsqjyj52wzjwrphvlj-texlive-combined-2022-texmf/tex/context/base/mkiv/lpdf-pdx.xml fullname=/nix/store/3ykx141nzk0pwpnsqjyj52wzjwrphvlj-texlive-combined-2022-texmf/tex/context/base/mkiv/lpdf-pdx.xml usedmethod=database

system          > stop used files


system          > start commandline options

system          > currentrun="3"
system          > error="true"
system          > forcecld="true"
system          > fulljobname="./resume.cld"
system          > input="./resume.cld"
system          > kindofrun="2"
system          > maxnofruns="9"
system          > texmfbinpath="/nix/store/bfvdvjgb6i828pmy9aylpjvy6qxnv9h6-texlive-combined-2022/bin"

system          > stop commandline options


system          > start commandline files

system          >    1: ./resume.cld

system          > stop commandline files


modules         > start used modules


modules         > stop used modules


mkiv lua stats  > used config file: /nix/store/bfvdvjgb6i828pmy9aylpjvy6qxnv9h6-texlive-combined-2022/share/texmf-var/web2c/texmfcnf.lua
mkiv lua stats  > used cache path: readable+writable: '/build/luatex-cache/context/32b7ccb3e3749648f1b03cc65a5802a3'
mkiv lua stats  > resource resolver: loadtime 0.007 seconds, 0 scans with scantime 0.000 seconds, 0 shared scans, 32 found files, scanned paths: <none>
mkiv lua stats  > stored bytecode data: 454 modules (0.252 sec), 96 tables (0.015 sec), 550 chunks (0.267 sec)
mkiv lua stats  > traced context: maxstack: 1427, freed: 7, unreachable: 1420
mkiv lua stats  > cleaned up reserved nodes: 64 nodes, 10 lists of 444
mkiv lua stats  > node memory usage: 47 attribute, 14 attribute_list, 9 dir, 2 glue, 51 glue_spec, 3 kern, 3 penalty, 2 temp, 2 user_defined
mkiv lua stats  > node list callback tasks: 8 unique task lists, 8 instances (re)created, 744 calls
mkiv lua stats  > h-node processing time: 0.012 seconds including kernel
mkiv lua stats  > driver time: 0.012 seconds 
mkiv lua stats  > used backend: pdf (backend for directly generating pdf output)
mkiv lua stats  > jobdata time: 0.001 seconds saving, 0.000 seconds loading
mkiv lua stats  > callbacks: internal: 1407, file: 75, direct: 2, late: 5, function 998, total: 2487 (2487 per page)
mkiv lua stats  > randomizer: resumed with value 0.028337326366454
mkiv lua stats  > positions: 2 collected, 2 regular, 0 special
mkiv lua stats  > result saved in file: resume.pdf, compresslevel 3, objectcompresslevel 1
mkiv lua stats  > loaded patterns: en::1, load time: 0.000
mkiv lua stats  > loaded fonts: 4 files: ptf75f.ttf, materialicons-regular.ttf, opensans-italic.ttf, opensans-regular.ttf
mkiv lua stats  > font engine: otf 3.113, afm 1.513, tfm 1.000, 20 instances, 16 shared in backend, 1 common vectors, 15 common hashes, load time 0.061 seconds 
mkiv lua stats  > body font sizes: defined: 10pt 11pt 12pt 14.4pt 17.3pt 20.7pt 4pt 5pt 6pt 7pt 8pt 9pt, undefined: 36pt 45pt 54pt
mkiv lua stats  > metapost: 0.002 seconds, loading: 0.018, execution: 0.002, n: 10, average: 0.002, instances: 1, luacalls: 24, memory: 2.598 M
mkiv lua stats  > used platform: linux-64, type: unix, binary subtree: bfvdvjgb6i828pmy9aylpjvy6qxnv9h6-texlive-combined-2022
mkiv lua stats  > used engine: luatex version: 1.15, functionality level: 7509, banner: this is luatex, version 1.15.0 (web2c 2022/nixos.org)
mkiv lua stats  > used hash slots: 46572 of 65536 + 200000
mkiv lua stats  > lua properties: engine: lua 5.3, used memory: 78 MB, ctx: 77 MB, max: unknown MB, hash chars: min(64,40), symbol mask: utf (τεχ)
mkiv lua stats  > runtime: 0.729 seconds, 1 processed pages, 1 shipped pages, 1.372 pages/second

